<component name="libraryTable">
  <library name="junit-4.13-SNAPSHOT">
    <CLASSES>
      <root url="jar://$USER_HOME$/.gradle/caches/modules-2/files-2.1/junit/junit/4.13-SNAPSHOT/5d01109ae7221510bb66e3a64a79827a02fc5ebb/junit-4.13-SNAPSHOT.jar!/" />
    </CLASSES>
    <JAVADOC />
    <SOURCES>
      <root url="jar://$USER_HOME$/.gradle/caches/modules-2/files-2.1/junit/junit/4.13-SNAPSHOT/dc0718bfe70b059f03c4239ef0cc844294079137/junit-4.13-SNAPSHOT-sources.jar!/" />
    </SOURCES>
  </library>
</component>